<?xml version="1.0" encoding="utf-8"?><testsuites name="pytest tests"><testsuite name="pytest" errors="0" failures="0" skipped="0" tests="14" time="8.770" timestamp="2026-03-31T00:50:54.185823+00:00" hostname="agent-env-88b76b58-e48d-4643-8505-030fdc26e7fb"><testcase classname="tests.test_api.TestHealthCheck" name="test_api_root" time="0.311" /><testcase classname="tests.test_api.TestNewsletterAPI" name="test_newsletter_subscribe_valid_email" time="0.395" /><testcase classname="tests.test_api.TestNewsletterAPI" name="test_newsletter_subscribe_invalid_email" time="0.122" /><testcase classname="tests.test_api.TestNewsletterAPI" name="test_newsletter_subscribe_missing_email" time="0.113" /><testcase classname="tests.test_api.TestContactFormAPI" name="test_contact_form_valid_submission" time="1.241" /><testcase classname="tests.test_api.TestContactFormAPI" name="test_contact_form_missing_required_fields" time="0.190" /><testcase classname="tests.test_api.TestContactFormAPI" name="test_contact_form_invalid_email" time="0.144" /><testcase classname="tests.test_api.TestStripePaymentsAPI" name="test_create_checkout_valid_package" time="0.717" /><testcase classname="tests.test_api.TestStripePaymentsAPI" name="test_create_checkout_all_packages" time="4.632" /><testcase classname="tests.test_api.TestStripePaymentsAPI" name="test_create_checkout_invalid_package" time="0.104" /><testcase classname="tests.test_api.TestStripePaymentsAPI" name="test_create_checkout_missing_fields" time="0.108" /><testcase classname="tests.test_api.TestStripePaymentsAPI" name="test_checkout_status_invalid_session" time="0.259" /><testcase classname="tests.test_api.TestStatusAPI" name="test_create_status_check" time="0.117" /><testcase classname="tests.test_api.TestStatusAPI" name="test_get_status_checks" time="0.104" /></testsuite></testsuites>